Using pre-set license
Built from '2022.3/staging' branch; Version is '2022.3.4f1 (35713cd46cd7) revision 3502396'; Using compiler version '192829333'; Build Type 'Release'
OS: 'Windows 10  (10.0.19045) 64bit Enterprise' Language: 'en' Physical Memory: 32509 MB
BatchMode: 1, IsHumanControllingUs: 0, StartBugReporterOnCrash: 0, Is64bit: 1, IsPro: 1

COMMAND LINE ARGUMENTS:
C:\Program Files\Unity\Editor\Unity.exe
-adb2
-batchMode
-noUpm
-name
AssetImportWorker1
-projectPath
D:/Profiles/jad3772/IGME 219/IGME-219/Battleaxe_Showcase
-logFile
Logs/AssetImportWorker1.log
-srvPort
50427
Successfully changed project path to: D:/Profiles/jad3772/IGME 219/IGME-219/Battleaxe_Showcase
D:/Profiles/jad3772/IGME 219/IGME-219/Battleaxe_Showcase
[UnityMemory] Configuration Parameters - Can be set up in boot.config
    "memorysetup-bucket-allocator-granularity=16"
    "memorysetup-bucket-allocator-bucket-count=8"
    "memorysetup-bucket-allocator-block-size=33554432"
    "memorysetup-bucket-allocator-block-count=8"
    "memorysetup-main-allocator-block-size=16777216"
    "memorysetup-thread-allocator-block-size=16777216"
    "memorysetup-gfx-main-allocator-block-size=16777216"
    "memorysetup-gfx-thread-allocator-block-size=16777216"
    "memorysetup-cache-allocator-block-size=4194304"
    "memorysetup-typetree-allocator-block-size=2097152"
    "memorysetup-profiler-bucket-allocator-granularity=16"
    "memorysetup-profiler-bucket-allocator-bucket-count=8"
    "memorysetup-profiler-bucket-allocator-block-size=33554432"
    "memorysetup-profiler-bucket-allocator-block-count=8"
    "memorysetup-profiler-allocator-block-size=16777216"
    "memorysetup-profiler-editor-allocator-block-size=1048576"
    "memorysetup-temp-allocator-size-main=16777216"
    "memorysetup-job-temp-allocator-block-size=2097152"
    "memorysetup-job-temp-allocator-block-size-background=1048576"
    "memorysetup-job-temp-allocator-reduction-small-platforms=262144"
    "memorysetup-allocator-temp-initial-block-size-main=262144"
    "memorysetup-allocator-temp-initial-block-size-worker=262144"
    "memorysetup-temp-allocator-size-background-worker=32768"
    "memorysetup-temp-allocator-size-job-worker=262144"
    "memorysetup-temp-allocator-size-preload-manager=33554432"
    "memorysetup-temp-allocator-size-nav-mesh-worker=65536"
    "memorysetup-temp-allocator-size-audio-worker=65536"
    "memorysetup-temp-allocator-size-cloud-worker=32768"
    "memorysetup-temp-allocator-size-gi-baking-worker=262144"
    "memorysetup-temp-allocator-size-gfx=262144"
Player connection [5100] Host "[IP] 129.21.197.8 [Port] 0 [Flags] 2 [Guid] 3089917892 [EditorId] 3089917892 [Version] 1048832 [Id] WindowsEditor(7,MSS2175-02) [Debug] 1 [PackageName] WindowsEditor [ProjectName] Editor" joined multi-casting on [225.0.0.222:54997]...

Player connection [5100] Host "[IP] 129.21.197.8 [Port] 0 [Flags] 2 [Guid] 3089917892 [EditorId] 3089917892 [Version] 1048832 [Id] WindowsEditor(7,MSS2175-02) [Debug] 1 [PackageName] WindowsEditor [ProjectName] Editor" joined alternative multi-casting on [225.0.0.222:34997]...

Refreshing native plugins compatible for Editor in 5.28 ms, found 3 plugins.
Preloading 0 native plugins for Editor in 0.00 ms.
Initialize engine version: 2022.3.4f1 (35713cd46cd7)
[Subsystems] Discovering subsystems at path C:/Program Files/Unity/Editor/Data/Resources/UnitySubsystems
[Subsystems] Discovering subsystems at path D:/Profiles/jad3772/IGME 219/IGME-219/Battleaxe_Showcase/Assets
GfxDevice: creating device client; threaded=0; jobified=0
Direct3D:
    Version:  Direct3D 11.0 [level 11.1]
    Renderer: NVIDIA GeForce RTX 3060 (ID=0x2504)
    Vendor:   NVIDIA
    VRAM:     12129 MB
    Driver:   31.0.15.3640
Initialize mono
Mono path[0] = 'C:/Program Files/Unity/Editor/Data/Managed'
Mono path[1] = 'C:/Program Files/Unity/Editor/Data/MonoBleedingEdge/lib/mono/unityjit-win32'
Mono config path = 'C:/Program Files/Unity/Editor/Data/MonoBleedingEdge/etc'
Using monoOptions --debugger-agent=transport=dt_socket,embedding=1,server=y,suspend=n,address=127.0.0.1:56944
Begin MonoManager ReloadAssembly
Registering precompiled unity dll's ...
Register platform support module: C:/Program Files/Unity/Editor/Data/PlaybackEngines/WebGLSupport/UnityEditor.WebGL.Extensions.dll
Register platform support module: C:/Program Files/Unity/Editor/Data/PlaybackEngines/AndroidPlayer/UnityEditor.Android.Extensions.dll
Register platform support module: C:/Program Files/Unity/Editor/Data/PlaybackEngines/iOSSupport/UnityEditor.iOS.Extensions.dll
Register platform support module: C:/Program Files/Unity/Editor/Data/PlaybackEngines/WindowsStandaloneSupport/UnityEditor.WindowsStandalone.Extensions.dll
Registered in 0.008141 seconds.
- Loaded All Assemblies, in  0.336 seconds
Native extension for WindowsStandalone target not found
[usbmuxd] Start listen thread
[usbmuxd] Listen thread started
Native extension for iOS target not found
Native extension for Android target not found
Native extension for WebGL target not found
Mono: successfully reloaded assembly
- Finished resetting the current domain, in  0.341 seconds
Domain Reload Profiling: 677ms
	BeginReloadAssembly (80ms)
		ExecutionOrderSort (0ms)
		DisableScriptedObjects (0ms)
		BackupInstance (0ms)
		ReleaseScriptingObjects (0ms)
		CreateAndSetChildDomain (1ms)
	RebuildCommonClasses (34ms)
	RebuildNativeTypeToScriptingClass (12ms)
	initialDomainReloadingComplete (62ms)
	LoadAllAssembliesAndSetupDomain (147ms)
		LoadAssemblies (79ms)
		RebuildTransferFunctionScriptingTraits (0ms)
		AnalyzeDomain (141ms)
			TypeCache.Refresh (141ms)
				TypeCache.ScanAssembly (130ms)
			ScanForSourceGeneratedMonoScriptInfo (0ms)
			ResolveRequiredComponents (0ms)
	FinalizeReload (342ms)
		ReleaseScriptCaches (0ms)
		RebuildScriptCaches (0ms)
		SetupLoadedEditorAssemblies (282ms)
			LogAssemblyErrors (0ms)
			InitializePlatformSupportModulesInManaged (114ms)
			SetLoadedEditorAssemblies (4ms)
			RefreshPlugins (0ms)
			BeforeProcessingInitializeOnLoad (2ms)
			ProcessInitializeOnLoadAttributes (112ms)
			ProcessInitializeOnLoadMethodAttributes (50ms)
			AfterProcessingInitializeOnLoad (0ms)
			EditorAssembliesLoaded (0ms)
		ExecutionOrderSort2 (0ms)
		AwakeInstancesAfterBackupRestoration (0ms)
========================================================================
Worker process is ready to serve import requests
Begin MonoManager ReloadAssembly
Symbol file LoadedFromMemory doesn't match image D:\Profiles\jad3772\IGME 219\IGME-219\Battleaxe_Showcase\Library\PackageCache\com.unity.visualscripting@1.8.0\Editor\VisualScripting.Core\Dependencies\YamlDotNet\Unity.VisualScripting.YamlDotNet.dll
Symbol file LoadedFromMemory doesn't match image D:\Profiles\jad3772\IGME 219\IGME-219\Battleaxe_Showcase\Library\PackageCache\com.unity.visualscripting@1.8.0\Editor\VisualScripting.Core\Dependencies\DotNetZip\Unity.VisualScripting.IonicZip.dll
- Loaded All Assemblies, in  0.663 seconds
Refreshing native plugins compatible for Editor in 1.82 ms, found 3 plugins.
Native extension for WindowsStandalone target not found
Native extension for iOS target not found
Native extension for Android target not found
Native extension for WebGL target not found
Mono: successfully reloaded assembly
- Finished resetting the current domain, in  0.526 seconds
Domain Reload Profiling: 1188ms
	BeginReloadAssembly (107ms)
		ExecutionOrderSort (0ms)
		DisableScriptedObjects (6ms)
		BackupInstance (0ms)
		ReleaseScriptingObjects (0ms)
		CreateAndSetChildDomain (17ms)
	RebuildCommonClasses (32ms)
	RebuildNativeTypeToScriptingClass (11ms)
	initialDomainReloadingComplete (41ms)
	LoadAllAssembliesAndSetupDomain (471ms)
		LoadAssemblies (223ms)
		RebuildTransferFunctionScriptingTraits (0ms)
		AnalyzeDomain (293ms)
			TypeCache.Refresh (275ms)
				TypeCache.ScanAssembly (263ms)
			ScanForSourceGeneratedMonoScriptInfo (14ms)
			ResolveRequiredComponents (4ms)
	FinalizeReload (526ms)
		ReleaseScriptCaches (0ms)
		RebuildScriptCaches (0ms)
		SetupLoadedEditorAssemblies (359ms)
			LogAssemblyErrors (0ms)
			InitializePlatformSupportModulesInManaged (35ms)
			SetLoadedEditorAssemblies (4ms)
			RefreshPlugins (0ms)
			BeforeProcessingInitializeOnLoad (56ms)
			ProcessInitializeOnLoadAttributes (239ms)
			ProcessInitializeOnLoadMethodAttributes (20ms)
			AfterProcessingInitializeOnLoad (5ms)
			EditorAssembliesLoaded (0ms)
		ExecutionOrderSort2 (0ms)
		AwakeInstancesAfterBackupRestoration (6ms)
Launched and connected shader compiler UnityShaderCompiler.exe after 0.03 seconds
Refreshing native plugins compatible for Editor in 0.96 ms, found 3 plugins.
Preloading 0 native plugins for Editor in 0.00 ms.
Unloading 3066 Unused Serialized files (Serialized files now loaded: 0)
Unloading 31 unused Assets / (56.6 KB). Loaded Objects now: 3534.
Memory consumption went from 122.4 MB to 122.3 MB.
Total: 2.565100 ms (FindLiveObjects: 0.225200 ms CreateObjectMapping: 0.076500 ms MarkObjects: 2.183900 ms  DeleteObjects: 0.078400 ms)

AssetImportParameters requested are different than current active one (requested -> active):
  custom:container-demuxer-ogg: 62fdf1f143b41e24485cea50d1cbac27 -> 
  custom:video-decoder-ogg-theora: a1e56fd34408186e4bbccfd4996cb3dc -> 
  custom:framework-win-MediaFoundation: 216162199b28c13a410421893ffa2e32 -> 
  custom:CustomObjectIndexerAttribute: 756ad292c208cfabdd7b50bc23989ffe -> 
  custom:container-demuxer-webm: 4f35f7cbe854078d1ac9338744f61a02 -> 
  custom:container-muxer-webm: aa71ff27fc2769a1b78a27578f13a17b -> 
  custom:video-decoder-webm-vp8: 9c59270c3fd7afecdb556c50c9e8de78 -> 
  custom:AudioImporter_EditorPlatform: d09bf68614088b80899f8185d706f6e7 -> 
  custom:video-encoder-webm-vp8: eb34c28f22e8b96e1ab97ce403110664 -> 
  custom:audio-decoder-ogg-vorbis: bf7c407c2cedff20999df2af8eb42d56 -> 
  custom:audio-encoder-webm-vorbis: bf7c407c2cedff20999df2af8eb42d56 -> 
========================================================================
Received Import Request.
  Time since last request: 216.054170 seconds.
  path: Assets/Materials/Textures/Battleaxe_Exported_Texture_Metallic.png
  artifactKey: Guid(e9cf604f887677149a1480cdca87d34e) Importer(815301076,1909f56bfc062723c751e8b465ee728b)
Start importing Assets/Materials/Textures/Battleaxe_Exported_Texture_Metallic.png using Guid(e9cf604f887677149a1480cdca87d34e) Importer(815301076,1909f56bfc062723c751e8b465ee728b)  -> (artifact id: '07d27d75c7d101124569aa33087d6edd') in 0.265655 seconds
Number of updated asset objects reloaded before import = 0
Number of asset objects unloaded after import = 2
========================================================================
Received Import Request.
  Time since last request: 1572.370204 seconds.
  path: Assets/TerrainData_853aa9ba-2592-427f-a129-b60f115c0ff1.asset
  artifactKey: Guid(2ae00e9330568604d83601292f3b96f6) Importer(815301076,1909f56bfc062723c751e8b465ee728b)
Start importing Assets/TerrainData_853aa9ba-2592-427f-a129-b60f115c0ff1.asset using Guid(2ae00e9330568604d83601292f3b96f6) Importer(815301076,1909f56bfc062723c751e8b465ee728b)  -> (artifact id: 'c1b50d17d7493251fce019ad83fa990f') in 0.014908 seconds
Number of updated asset objects reloaded before import = 0
Number of asset objects unloaded after import = 3
========================================================================
Received Import Request.
  Time since last request: 836.082207 seconds.
  path: Assets/Materials/BattleaxeTextures/Battleaxe1.mat
  artifactKey: Guid(aed7fa3b25f08634ba8fdfd4a87c6823) Importer(815301076,1909f56bfc062723c751e8b465ee728b)
Start importing Assets/Materials/BattleaxeTextures/Battleaxe1.mat using Guid(aed7fa3b25f08634ba8fdfd4a87c6823) Importer(815301076,1909f56bfc062723c751e8b465ee728b)  -> (artifact id: '6fd914e0e98ac9abc658ca1354d6ebac') in 0.089174 seconds
Number of updated asset objects reloaded before import = 0
Number of asset objects unloaded after import = 7
========================================================================
Received Import Request.
  Time since last request: 87.258072 seconds.
  path: Assets/Materials/BattleaxeTextures/Battleaxe_Exported_Texture_AO.png
  artifactKey: Guid(781994b4520141f43857fb0f1e51bd98) Importer(815301076,1909f56bfc062723c751e8b465ee728b)
Start importing Assets/Materials/BattleaxeTextures/Battleaxe_Exported_Texture_AO.png using Guid(781994b4520141f43857fb0f1e51bd98) Importer(815301076,1909f56bfc062723c751e8b465ee728b)  -> (artifact id: 'a31c1da1a89f2672dcb70387a3ecd6a8') in 0.033009 seconds
Number of updated asset objects reloaded before import = 0
Number of asset objects unloaded after import = 2
========================================================================
Received Import Request.
  Time since last request: 62.299409 seconds.
  path: Assets/Materials/BattleaxeTextures/Battleaxe1.mat
  artifactKey: Guid(aed7fa3b25f08634ba8fdfd4a87c6823) Importer(815301076,1909f56bfc062723c751e8b465ee728b)
Start importing Assets/Materials/BattleaxeTextures/Battleaxe1.mat using Guid(aed7fa3b25f08634ba8fdfd4a87c6823) Importer(815301076,1909f56bfc062723c751e8b465ee728b)  -> (artifact id: 'd8890b651cc5e1df2c9666253bfec60c') in 0.043435 seconds
Number of updated asset objects reloaded before import = 0
Number of asset objects unloaded after import = 7
========================================================================
Received Import Request.
  Time since last request: 5.116527 seconds.
  path: Assets/Materials/BattleaxeTextures/Battleaxe_Exported_Texture_Metallic.png
  artifactKey: Guid(e9cf604f887677149a1480cdca87d34e) Importer(815301076,1909f56bfc062723c751e8b465ee728b)
Start importing Assets/Materials/BattleaxeTextures/Battleaxe_Exported_Texture_Metallic.png using Guid(e9cf604f887677149a1480cdca87d34e) Importer(815301076,1909f56bfc062723c751e8b465ee728b)  -> (artifact id: '32cc9a4b96ded274d19850db1f7d60e3') in 0.015641 seconds
Number of updated asset objects reloaded before import = 0
Number of asset objects unloaded after import = 2
========================================================================
Received Import Request.
  Time since last request: 4.315459 seconds.
  path: Assets/Materials/BattleaxeTextures/Battleaxe1.mat
  artifactKey: Guid(aed7fa3b25f08634ba8fdfd4a87c6823) Importer(815301076,1909f56bfc062723c751e8b465ee728b)
Start importing Assets/Materials/BattleaxeTextures/Battleaxe1.mat using Guid(aed7fa3b25f08634ba8fdfd4a87c6823) Importer(815301076,1909f56bfc062723c751e8b465ee728b)  -> (artifact id: 'b9c0f8da30bb446225b17bc5407060a7') in 0.044351 seconds
Number of updated asset objects reloaded before import = 0
Number of asset objects unloaded after import = 7
========================================================================
Received Import Request.
  Time since last request: 18.778783 seconds.
  path: Assets/Materials/BattleaxeTextures/Battleaxe_Exported_Texture_Metallic.png
  artifactKey: Guid(e9cf604f887677149a1480cdca87d34e) Importer(815301076,1909f56bfc062723c751e8b465ee728b)
Start importing Assets/Materials/BattleaxeTextures/Battleaxe_Exported_Texture_Metallic.png using Guid(e9cf604f887677149a1480cdca87d34e) Importer(815301076,1909f56bfc062723c751e8b465ee728b)  -> (artifact id: '3b500c95183f4cd0d5c66e494ac171e6') in 0.040655 seconds
Number of updated asset objects reloaded before import = 0
Number of asset objects unloaded after import = 2
========================================================================
Received Import Request.
  Time since last request: 19.190756 seconds.
  path: Assets/Materials/BattleaxeTextures/Battleaxe1.mat
  artifactKey: Guid(aed7fa3b25f08634ba8fdfd4a87c6823) Importer(815301076,1909f56bfc062723c751e8b465ee728b)
Start importing Assets/Materials/BattleaxeTextures/Battleaxe1.mat using Guid(aed7fa3b25f08634ba8fdfd4a87c6823) Importer(815301076,1909f56bfc062723c751e8b465ee728b)  -> (artifact id: '2d03b72677820c2fd2820b476fedc84c') in 0.042107 seconds
Number of updated asset objects reloaded before import = 0
Number of asset objects unloaded after import = 7
========================================================================
Received Import Request.
  Time since last request: 127.921810 seconds.
  path: Assets/Materials/BattleaxeTextures/Battleaxe_Exported_Texture_Roughness.png
  artifactKey: Guid(0bd7a442e1497124081067e0888524fd) Importer(815301076,1909f56bfc062723c751e8b465ee728b)
Start importing Assets/Materials/BattleaxeTextures/Battleaxe_Exported_Texture_Roughness.png using Guid(0bd7a442e1497124081067e0888524fd) Importer(815301076,1909f56bfc062723c751e8b465ee728b)  -> (artifact id: '9624acc33e0fc73e51916883edf5781a') in 0.040341 seconds
Number of updated asset objects reloaded before import = 0
Number of asset objects unloaded after import = 2
