Using pre-set license
Built from '2022.3/staging' branch; Version is '2022.3.4f1 (35713cd46cd7) revision 3502396'; Using compiler version '192829333'; Build Type 'Release'
OS: 'Windows 10  (10.0.19045) 64bit Enterprise' Language: 'en' Physical Memory: 32509 MB
BatchMode: 1, IsHumanControllingUs: 0, StartBugReporterOnCrash: 0, Is64bit: 1, IsPro: 1

COMMAND LINE ARGUMENTS:
C:\Program Files\Unity\Editor\Unity.exe
-adb2
-batchMode
-noUpm
-name
AssetImportWorker4
-projectPath
D:/Profiles/jad3772/IGME 219/IGME-219/Battleaxe_Showcase
-logFile
Logs/AssetImportWorker4.log
-srvPort
50427
Successfully changed project path to: D:/Profiles/jad3772/IGME 219/IGME-219/Battleaxe_Showcase
D:/Profiles/jad3772/IGME 219/IGME-219/Battleaxe_Showcase
[UnityMemory] Configuration Parameters - Can be set up in boot.config
    "memorysetup-bucket-allocator-granularity=16"
    "memorysetup-bucket-allocator-bucket-count=8"
    "memorysetup-bucket-allocator-block-size=33554432"
    "memorysetup-bucket-allocator-block-count=8"
    "memorysetup-main-allocator-block-size=16777216"
    "memorysetup-thread-allocator-block-size=16777216"
    "memorysetup-gfx-main-allocator-block-size=16777216"
    "memorysetup-gfx-thread-allocator-block-size=16777216"
    "memorysetup-cache-allocator-block-size=4194304"
    "memorysetup-typetree-allocator-block-size=2097152"
    "memorysetup-profiler-bucket-allocator-granularity=16"
    "memorysetup-profiler-bucket-allocator-bucket-count=8"
    "memorysetup-profiler-bucket-allocator-block-size=33554432"
    "memorysetup-profiler-bucket-allocator-block-count=8"
    "memorysetup-profiler-allocator-block-size=16777216"
    "memorysetup-profiler-editor-allocator-block-size=1048576"
    "memorysetup-temp-allocator-size-main=16777216"
    "memorysetup-job-temp-allocator-block-size=2097152"
    "memorysetup-job-temp-allocator-block-size-background=1048576"
    "memorysetup-job-temp-allocator-reduction-small-platforms=262144"
    "memorysetup-allocator-temp-initial-block-size-main=262144"
    "memorysetup-allocator-temp-initial-block-size-worker=262144"
    "memorysetup-temp-allocator-size-background-worker=32768"
    "memorysetup-temp-allocator-size-job-worker=262144"
    "memorysetup-temp-allocator-size-preload-manager=33554432"
    "memorysetup-temp-allocator-size-nav-mesh-worker=65536"
    "memorysetup-temp-allocator-size-audio-worker=65536"
    "memorysetup-temp-allocator-size-cloud-worker=32768"
    "memorysetup-temp-allocator-size-gi-baking-worker=262144"
    "memorysetup-temp-allocator-size-gfx=262144"
Player connection [6396] Host "[IP] 129.21.197.8 [Port] 0 [Flags] 2 [Guid] 519980212 [EditorId] 519980212 [Version] 1048832 [Id] WindowsEditor(7,MSS2175-02) [Debug] 1 [PackageName] WindowsEditor [ProjectName] Editor" joined multi-casting on [225.0.0.222:54997]...

Player connection [6396] Host "[IP] 129.21.197.8 [Port] 0 [Flags] 2 [Guid] 519980212 [EditorId] 519980212 [Version] 1048832 [Id] WindowsEditor(7,MSS2175-02) [Debug] 1 [PackageName] WindowsEditor [ProjectName] Editor" joined alternative multi-casting on [225.0.0.222:34997]...

Refreshing native plugins compatible for Editor in 4.91 ms, found 3 plugins.
Preloading 0 native plugins for Editor in 0.00 ms.
Initialize engine version: 2022.3.4f1 (35713cd46cd7)
[Subsystems] Discovering subsystems at path C:/Program Files/Unity/Editor/Data/Resources/UnitySubsystems
[Subsystems] Discovering subsystems at path D:/Profiles/jad3772/IGME 219/IGME-219/Battleaxe_Showcase/Assets
GfxDevice: creating device client; threaded=0; jobified=0
Direct3D:
    Version:  Direct3D 11.0 [level 11.1]
    Renderer: NVIDIA GeForce RTX 3060 (ID=0x2504)
    Vendor:   NVIDIA
    VRAM:     12129 MB
    Driver:   31.0.15.3640
Initialize mono
Mono path[0] = 'C:/Program Files/Unity/Editor/Data/Managed'
Mono path[1] = 'C:/Program Files/Unity/Editor/Data/MonoBleedingEdge/lib/mono/unityjit-win32'
Mono config path = 'C:/Program Files/Unity/Editor/Data/MonoBleedingEdge/etc'
Using monoOptions --debugger-agent=transport=dt_socket,embedding=1,server=y,suspend=n,address=127.0.0.1:56492
Begin MonoManager ReloadAssembly
Registering precompiled unity dll's ...
Register platform support module: C:/Program Files/Unity/Editor/Data/PlaybackEngines/WebGLSupport/UnityEditor.WebGL.Extensions.dll
Register platform support module: C:/Program Files/Unity/Editor/Data/PlaybackEngines/AndroidPlayer/UnityEditor.Android.Extensions.dll
Register platform support module: C:/Program Files/Unity/Editor/Data/PlaybackEngines/iOSSupport/UnityEditor.iOS.Extensions.dll
Register platform support module: C:/Program Files/Unity/Editor/Data/PlaybackEngines/WindowsStandaloneSupport/UnityEditor.WindowsStandalone.Extensions.dll
Registered in 0.008672 seconds.
- Loaded All Assemblies, in  0.340 seconds
Native extension for WindowsStandalone target not found
[usbmuxd] Start listen thread
[usbmuxd] Listen thread started
Native extension for iOS target not found
Native extension for Android target not found
Native extension for WebGL target not found
Mono: successfully reloaded assembly
- Finished resetting the current domain, in  0.350 seconds
Domain Reload Profiling: 688ms
	BeginReloadAssembly (82ms)
		ExecutionOrderSort (0ms)
		DisableScriptedObjects (0ms)
		BackupInstance (0ms)
		ReleaseScriptingObjects (0ms)
		CreateAndSetChildDomain (1ms)
	RebuildCommonClasses (34ms)
	RebuildNativeTypeToScriptingClass (11ms)
	initialDomainReloadingComplete (61ms)
	LoadAllAssembliesAndSetupDomain (150ms)
		LoadAssemblies (81ms)
		RebuildTransferFunctionScriptingTraits (0ms)
		AnalyzeDomain (145ms)
			TypeCache.Refresh (144ms)
				TypeCache.ScanAssembly (133ms)
			ScanForSourceGeneratedMonoScriptInfo (0ms)
			ResolveRequiredComponents (0ms)
	FinalizeReload (350ms)
		ReleaseScriptCaches (0ms)
		RebuildScriptCaches (0ms)
		SetupLoadedEditorAssemblies (289ms)
			LogAssemblyErrors (0ms)
			InitializePlatformSupportModulesInManaged (117ms)
			SetLoadedEditorAssemblies (4ms)
			RefreshPlugins (0ms)
			BeforeProcessingInitializeOnLoad (2ms)
			ProcessInitializeOnLoadAttributes (115ms)
			ProcessInitializeOnLoadMethodAttributes (50ms)
			AfterProcessingInitializeOnLoad (0ms)
			EditorAssembliesLoaded (0ms)
		ExecutionOrderSort2 (0ms)
		AwakeInstancesAfterBackupRestoration (0ms)
========================================================================
Worker process is ready to serve import requests
Begin MonoManager ReloadAssembly
Symbol file LoadedFromMemory doesn't match image D:\Profiles\jad3772\IGME 219\IGME-219\Battleaxe_Showcase\Library\PackageCache\com.unity.visualscripting@1.8.0\Editor\VisualScripting.Core\Dependencies\YamlDotNet\Unity.VisualScripting.YamlDotNet.dll
Symbol file LoadedFromMemory doesn't match image D:\Profiles\jad3772\IGME 219\IGME-219\Battleaxe_Showcase\Library\PackageCache\com.unity.visualscripting@1.8.0\Editor\VisualScripting.Core\Dependencies\DotNetZip\Unity.VisualScripting.IonicZip.dll
- Loaded All Assemblies, in  0.688 seconds
Refreshing native plugins compatible for Editor in 1.85 ms, found 3 plugins.
Native extension for WindowsStandalone target not found
Native extension for iOS target not found
Native extension for Android target not found
Native extension for WebGL target not found
Mono: successfully reloaded assembly
- Finished resetting the current domain, in  0.517 seconds
Domain Reload Profiling: 1203ms
	BeginReloadAssembly (112ms)
		ExecutionOrderSort (0ms)
		DisableScriptedObjects (6ms)
		BackupInstance (0ms)
		ReleaseScriptingObjects (0ms)
		CreateAndSetChildDomain (18ms)
	RebuildCommonClasses (34ms)
	RebuildNativeTypeToScriptingClass (12ms)
	initialDomainReloadingComplete (43ms)
	LoadAllAssembliesAndSetupDomain (485ms)
		LoadAssemblies (228ms)
		RebuildTransferFunctionScriptingTraits (0ms)
		AnalyzeDomain (306ms)
			TypeCache.Refresh (288ms)
				TypeCache.ScanAssembly (275ms)
			ScanForSourceGeneratedMonoScriptInfo (14ms)
			ResolveRequiredComponents (4ms)
	FinalizeReload (517ms)
		ReleaseScriptCaches (0ms)
		RebuildScriptCaches (0ms)
		SetupLoadedEditorAssemblies (349ms)
			LogAssemblyErrors (0ms)
			InitializePlatformSupportModulesInManaged (34ms)
			SetLoadedEditorAssemblies (4ms)
			RefreshPlugins (0ms)
			BeforeProcessingInitializeOnLoad (55ms)
			ProcessInitializeOnLoadAttributes (232ms)
			ProcessInitializeOnLoadMethodAttributes (19ms)
			AfterProcessingInitializeOnLoad (5ms)
			EditorAssembliesLoaded (0ms)
		ExecutionOrderSort2 (0ms)
		AwakeInstancesAfterBackupRestoration (6ms)
Launched and connected shader compiler UnityShaderCompiler.exe after 0.03 seconds
Refreshing native plugins compatible for Editor in 0.88 ms, found 3 plugins.
Preloading 0 native plugins for Editor in 0.00 ms.
Unloading 3066 Unused Serialized files (Serialized files now loaded: 0)
Unloading 31 unused Assets / (56.6 KB). Loaded Objects now: 3534.
Memory consumption went from 122.4 MB to 122.3 MB.
Total: 1.984000 ms (FindLiveObjects: 0.150600 ms CreateObjectMapping: 0.051600 ms MarkObjects: 1.702800 ms  DeleteObjects: 0.078500 ms)

AssetImportParameters requested are different than current active one (requested -> active):
  custom:container-demuxer-ogg: 62fdf1f143b41e24485cea50d1cbac27 -> 
  custom:video-decoder-ogg-theora: a1e56fd34408186e4bbccfd4996cb3dc -> 
  custom:framework-win-MediaFoundation: 216162199b28c13a410421893ffa2e32 -> 
  custom:CustomObjectIndexerAttribute: 756ad292c208cfabdd7b50bc23989ffe -> 
  custom:container-demuxer-webm: 4f35f7cbe854078d1ac9338744f61a02 -> 
  custom:container-muxer-webm: aa71ff27fc2769a1b78a27578f13a17b -> 
  custom:video-decoder-webm-vp8: 9c59270c3fd7afecdb556c50c9e8de78 -> 
  custom:AudioImporter_EditorPlatform: d09bf68614088b80899f8185d706f6e7 -> 
  custom:video-encoder-webm-vp8: eb34c28f22e8b96e1ab97ce403110664 -> 
  custom:audio-decoder-ogg-vorbis: bf7c407c2cedff20999df2af8eb42d56 -> 
  custom:audio-encoder-webm-vorbis: bf7c407c2cedff20999df2af8eb42d56 -> 
========================================================================
Received Import Request.
  Time since last request: 216.074509 seconds.
  path: Assets/Materials/Textures/Battleaxe_Exported_Texture_AO.png
  artifactKey: Guid(781994b4520141f43857fb0f1e51bd98) Importer(815301076,1909f56bfc062723c751e8b465ee728b)
Start importing Assets/Materials/Textures/Battleaxe_Exported_Texture_AO.png using Guid(781994b4520141f43857fb0f1e51bd98) Importer(815301076,1909f56bfc062723c751e8b465ee728b)  -> (artifact id: '93bcc834dbaf1c88c5c0321ae33bfd75') in 0.244755 seconds
Number of updated asset objects reloaded before import = 0
Number of asset objects unloaded after import = 2
========================================================================
Received Import Request.
  Time since last request: 253.868196 seconds.
  path: Assets/New Terrain.asset
  artifactKey: Guid(ef0542bcf2765a64fb5106a06813ed2e) Importer(815301076,1909f56bfc062723c751e8b465ee728b)
Start importing Assets/New Terrain.asset using Guid(ef0542bcf2765a64fb5106a06813ed2e) Importer(815301076,1909f56bfc062723c751e8b465ee728b)  -> (artifact id: 'ebf7b2de68f785e0fc824121f557a90c') in 0.008689 seconds
Number of updated asset objects reloaded before import = 0
Number of asset objects unloaded after import = 1
========================================================================
Received Import Request.
  Time since last request: 233.787513 seconds.
  path: Assets/Materials
  artifactKey: Guid(29efe48f288e2f246bcfcd63d2cbe411) Importer(815301076,1909f56bfc062723c751e8b465ee728b)
Start importing Assets/Materials using Guid(29efe48f288e2f246bcfcd63d2cbe411) Importer(815301076,1909f56bfc062723c751e8b465ee728b)  -> (artifact id: '489319d1eb4a661b90351e2c921a0691') in 0.000551 seconds
Number of updated asset objects reloaded before import = 0
Number of asset objects unloaded after import = 0
========================================================================
Received Import Request.
  Time since last request: 14.810294 seconds.
  path: Assets/Materials/Battleaxe_Textures
  artifactKey: Guid(033c5d2610582384581952b6e0422299) Importer(815301076,1909f56bfc062723c751e8b465ee728b)
Start importing Assets/Materials/Battleaxe_Textures using Guid(033c5d2610582384581952b6e0422299) Importer(815301076,1909f56bfc062723c751e8b465ee728b)  -> (artifact id: '0b44e8bf1507ef1779f6c5feaa71afe6') in 0.000389 seconds
Number of updated asset objects reloaded before import = 0
Number of asset objects unloaded after import = 0
========================================================================
Received Import Request.
  Time since last request: 13.067340 seconds.
  path: Assets/Materials/TerrainTextures
  artifactKey: Guid(416181082b76fb54291f8aeb12cd8bc3) Importer(815301076,1909f56bfc062723c751e8b465ee728b)
Start importing Assets/Materials/TerrainTextures using Guid(416181082b76fb54291f8aeb12cd8bc3) Importer(815301076,1909f56bfc062723c751e8b465ee728b)  -> (artifact id: '00e3054124bd78316e73e360db0e7586') in 0.000385 seconds
Number of updated asset objects reloaded before import = 0
Number of asset objects unloaded after import = 0
========================================================================
Received Import Request.
  Time since last request: 7.663867 seconds.
  path: Assets/Materials/BattleaxeTextures
  artifactKey: Guid(033c5d2610582384581952b6e0422299) Importer(815301076,1909f56bfc062723c751e8b465ee728b)
Start importing Assets/Materials/BattleaxeTextures using Guid(033c5d2610582384581952b6e0422299) Importer(815301076,1909f56bfc062723c751e8b465ee728b)  -> (artifact id: 'd6ac0821b2736d89e6ac511b460cc325') in 0.000379 seconds
Number of updated asset objects reloaded before import = 0
Number of asset objects unloaded after import = 0
========================================================================
Received Import Request.
  Time since last request: 8.277753 seconds.
  path: Assets/Materials/TerrainTextures/GrassTexture.jpg
  artifactKey: Guid(97c5b8d34e6383a409b780d30c695ff0) Importer(815301076,1909f56bfc062723c751e8b465ee728b)
Start importing Assets/Materials/TerrainTextures/GrassTexture.jpg using Guid(97c5b8d34e6383a409b780d30c695ff0) Importer(815301076,1909f56bfc062723c751e8b465ee728b)  -> (artifact id: '5954d6fc3ab76a8feabb023483d96cb7') in 0.021174 seconds
Number of updated asset objects reloaded before import = 0
Number of asset objects unloaded after import = 2
========================================================================
Received Import Request.
  Time since last request: 83.292765 seconds.
  path: Assets/TerrainData_853aa9ba-2592-427f-a129-b60f115c0ff1.asset
  artifactKey: Guid(2ae00e9330568604d83601292f3b96f6) Importer(815301076,1909f56bfc062723c751e8b465ee728b)
Start importing Assets/TerrainData_853aa9ba-2592-427f-a129-b60f115c0ff1.asset using Guid(2ae00e9330568604d83601292f3b96f6) Importer(815301076,1909f56bfc062723c751e8b465ee728b)  -> (artifact id: '5cf9f456d0a94786ff0da93898ecd7e9') in 0.048002 seconds
Number of updated asset objects reloaded before import = 0
Number of asset objects unloaded after import = 3
========================================================================
Received Import Request.
  Time since last request: 4.325036 seconds.
  path: Assets/Materials/TerrainTextures/NewBrush.brush
  artifactKey: Guid(3217cc232dbb05f468a176a8e035d7e5) Importer(815301076,1909f56bfc062723c751e8b465ee728b)
Start importing Assets/Materials/TerrainTextures/NewBrush.brush using Guid(3217cc232dbb05f468a176a8e035d7e5) Importer(815301076,1909f56bfc062723c751e8b465ee728b)  -> (artifact id: '65934e7f448fe525aff3827a078fb7b6') in 0.022108 seconds
Number of updated asset objects reloaded before import = 0
Number of asset objects unloaded after import = 2
========================================================================
Received Import Request.
  Time since last request: 111.070165 seconds.
  path: Assets/Materials/TerrainTextures/GrassLayer.terrainlayer
  artifactKey: Guid(d0fcbf4432740d248815bfefc1788220) Importer(815301076,1909f56bfc062723c751e8b465ee728b)
Start importing Assets/Materials/TerrainTextures/GrassLayer.terrainlayer using Guid(d0fcbf4432740d248815bfefc1788220) Importer(815301076,1909f56bfc062723c751e8b465ee728b)  -> (artifact id: '6d4afe55dc0e25055a97796acb09004e') in 0.019608 seconds
Number of updated asset objects reloaded before import = 0
Number of asset objects unloaded after import = 2
========================================================================
Received Import Request.
  Time since last request: 8.399801 seconds.
  path: Assets/Materials/TerrainTextures/DesertSand.jpg
  artifactKey: Guid(5c66da977a7e5ed49a636f729de1c97d) Importer(815301076,1909f56bfc062723c751e8b465ee728b)
Start importing Assets/Materials/TerrainTextures/DesertSand.jpg using Guid(5c66da977a7e5ed49a636f729de1c97d) Importer(815301076,1909f56bfc062723c751e8b465ee728b)  -> (artifact id: 'd4200273ae1c95ca693c3503dc5a663b') in 0.013002 seconds
Number of updated asset objects reloaded before import = 0
Number of asset objects unloaded after import = 2
========================================================================
Received Import Request.
  Time since last request: 4.360528 seconds.
  path: Assets/Materials/TerrainTextures/NewBrush.brush
  artifactKey: Guid(3217cc232dbb05f468a176a8e035d7e5) Importer(815301076,1909f56bfc062723c751e8b465ee728b)
Start importing Assets/Materials/TerrainTextures/NewBrush.brush using Guid(3217cc232dbb05f468a176a8e035d7e5) Importer(815301076,1909f56bfc062723c751e8b465ee728b)  -> (artifact id: '2cbea95a011487d8ed3a854ea14bfe97') in 0.013924 seconds
Number of updated asset objects reloaded before import = 0
Number of asset objects unloaded after import = 2
========================================================================
Received Import Request.
  Time since last request: 45.676757 seconds.
  path: Assets/Materials/TerrainTextures/NewBrush 1.brush
  artifactKey: Guid(8d8c9fc5b999b274dab66f9b1145a39a) Importer(815301076,1909f56bfc062723c751e8b465ee728b)
Start importing Assets/Materials/TerrainTextures/NewBrush 1.brush using Guid(8d8c9fc5b999b274dab66f9b1145a39a) Importer(815301076,1909f56bfc062723c751e8b465ee728b)  -> (artifact id: '1f1c941f5df0968e31057588ff1f6149') in 0.013565 seconds
Number of updated asset objects reloaded before import = 0
Number of asset objects unloaded after import = 2
========================================================================
Received Import Request.
  Time since last request: 218.201482 seconds.
  path: Assets/Materials/TerrainTextures/NewLayer.terrainlayer
  artifactKey: Guid(69dca57cfd20bd1419e7300c45e7c439) Importer(815301076,1909f56bfc062723c751e8b465ee728b)
Start importing Assets/Materials/TerrainTextures/NewLayer.terrainlayer using Guid(69dca57cfd20bd1419e7300c45e7c439) Importer(815301076,1909f56bfc062723c751e8b465ee728b)  -> (artifact id: '99264c18953ce9455dccffd4f3cd17e4') in 0.012139 seconds
Number of updated asset objects reloaded before import = 0
Number of asset objects unloaded after import = 2
========================================================================
Received Import Request.
  Time since last request: 565.386855 seconds.
  path: Assets/New Terrain.asset
  artifactKey: Guid(ef0542bcf2765a64fb5106a06813ed2e) Importer(815301076,1909f56bfc062723c751e8b465ee728b)
Start importing Assets/New Terrain.asset using Guid(ef0542bcf2765a64fb5106a06813ed2e) Importer(815301076,1909f56bfc062723c751e8b465ee728b)  -> (artifact id: 'c50b8e500511faa4910a6ac1e6d67983') in 0.016567 seconds
Number of updated asset objects reloaded before import = 0
Number of asset objects unloaded after import = 3
========================================================================
Received Import Request.
  Time since last request: 1.429316 seconds.
  path: Assets/Scenes/SampleScene.unity
  artifactKey: Guid(9fc0d4010bbf28b4594072e72b8655ab) Importer(815301076,1909f56bfc062723c751e8b465ee728b)
Start importing Assets/Scenes/SampleScene.unity using Guid(9fc0d4010bbf28b4594072e72b8655ab) Importer(815301076,1909f56bfc062723c751e8b465ee728b)  -> (artifact id: '6739f838f23ad2daeb3537f6cc0b7db8') in 0.000473 seconds
Number of updated asset objects reloaded before import = 0
Number of asset objects unloaded after import = 0
========================================================================
Received Import Request.
  Time since last request: 34.097745 seconds.
  path: Assets/Scenes/1stScene.unity
  artifactKey: Guid(9fc0d4010bbf28b4594072e72b8655ab) Importer(815301076,1909f56bfc062723c751e8b465ee728b)
Start importing Assets/Scenes/1stScene.unity using Guid(9fc0d4010bbf28b4594072e72b8655ab) Importer(815301076,1909f56bfc062723c751e8b465ee728b)  -> (artifact id: '4a83ee0d6ebb7ed8f99de92add454b6c') in 0.000411 seconds
Number of updated asset objects reloaded before import = 0
Number of asset objects unloaded after import = 0
========================================================================
Received Import Request.
  Time since last request: 436.608831 seconds.
  path: Assets/Materials/BattleaxeTextures/Battleaxe_Exported.fbx
  artifactKey: Guid(64677bff4fc1a7643b95a04eec3cb78d) Importer(815301076,1909f56bfc062723c751e8b465ee728b)
Start importing Assets/Materials/BattleaxeTextures/Battleaxe_Exported.fbx using Guid(64677bff4fc1a7643b95a04eec3cb78d) Importer(815301076,1909f56bfc062723c751e8b465ee728b)  -> (artifact id: '8844f97cafa0ba24a04801c755f90e44') in 0.087464 seconds
Number of updated asset objects reloaded before import = 0
Number of asset objects unloaded after import = 8
========================================================================
Received Import Request.
  Time since last request: 105.034025 seconds.
  path: Assets/Materials/BattleaxeTextures/Battleaxe_Exported.fbx
  artifactKey: Guid(64677bff4fc1a7643b95a04eec3cb78d) Importer(815301076,1909f56bfc062723c751e8b465ee728b)
Start importing Assets/Materials/BattleaxeTextures/Battleaxe_Exported.fbx using Guid(64677bff4fc1a7643b95a04eec3cb78d) Importer(815301076,1909f56bfc062723c751e8b465ee728b)  -> (artifact id: '1d69b7255fc3801fd8cd1c410a2b05f8') in 0.055468 seconds
Number of updated asset objects reloaded before import = 0
Number of asset objects unloaded after import = 8
========================================================================
Received Import Request.
  Time since last request: 258.742134 seconds.
  path: Assets/Materials/BattleaxeTextures/Battleaxe_Exported_textureSet_Albedo.png
  artifactKey: Guid(2ea98c51fec94d14998fde51be911375) Importer(815301076,1909f56bfc062723c751e8b465ee728b)
Start importing Assets/Materials/BattleaxeTextures/Battleaxe_Exported_textureSet_Albedo.png using Guid(2ea98c51fec94d14998fde51be911375) Importer(815301076,1909f56bfc062723c751e8b465ee728b)  -> (artifact id: '7b965bf164dbb39567ade645cb3216f9') in 0.029675 seconds
Number of updated asset objects reloaded before import = 0
Number of asset objects unloaded after import = 2
========================================================================
Received Import Request.
  Time since last request: 4.791348 seconds.
  path: Assets/Materials/BattleaxeTextures/Battleaxe_Exported_textureSet_Albedo.png
  artifactKey: Guid(2ea98c51fec94d14998fde51be911375) Importer(815301076,1909f56bfc062723c751e8b465ee728b)
Start importing Assets/Materials/BattleaxeTextures/Battleaxe_Exported_textureSet_Albedo.png using Guid(2ea98c51fec94d14998fde51be911375) Importer(815301076,1909f56bfc062723c751e8b465ee728b)  -> (artifact id: 'ced38b895213f62690dc4f74708aa661') in 0.015337 seconds
Number of updated asset objects reloaded before import = 0
Number of asset objects unloaded after import = 2
========================================================================
Received Import Request.
  Time since last request: 0.010013 seconds.
  path: Assets/Materials/BattleaxeTextures/Battleaxe1.mat
  artifactKey: Guid(aed7fa3b25f08634ba8fdfd4a87c6823) Importer(815301076,1909f56bfc062723c751e8b465ee728b)
Start importing Assets/Materials/BattleaxeTextures/Battleaxe1.mat using Guid(aed7fa3b25f08634ba8fdfd4a87c6823) Importer(815301076,1909f56bfc062723c751e8b465ee728b)  -> (artifact id: 'fb2a6310906ca6a5408648d879f41c9b') in 0.056836 seconds
Number of updated asset objects reloaded before import = 0
Number of asset objects unloaded after import = 7
========================================================================
Received Import Request.
  Time since last request: 82.466547 seconds.
  path: Assets/Materials/BattleaxeTextures/Battleaxe1.mat
  artifactKey: Guid(aed7fa3b25f08634ba8fdfd4a87c6823) Importer(815301076,1909f56bfc062723c751e8b465ee728b)
Start importing Assets/Materials/BattleaxeTextures/Battleaxe1.mat using Guid(aed7fa3b25f08634ba8fdfd4a87c6823) Importer(815301076,1909f56bfc062723c751e8b465ee728b)  -> (artifact id: '02fbe8fa6975595e3ac036d92faee66b') in 0.051585 seconds
Number of updated asset objects reloaded before import = 0
Number of asset objects unloaded after import = 7
========================================================================
Received Import Request.
  Time since last request: 62.269916 seconds.
  path: Assets/Materials/BattleaxeTextures/Battleaxe_Exported_Texture_Height.png
  artifactKey: Guid(6300f832759d0864290fe691466d4d31) Importer(815301076,1909f56bfc062723c751e8b465ee728b)
Start importing Assets/Materials/BattleaxeTextures/Battleaxe_Exported_Texture_Height.png using Guid(6300f832759d0864290fe691466d4d31) Importer(815301076,1909f56bfc062723c751e8b465ee728b)  -> (artifact id: '1de429f75b39c42636be52d7bac92362') in 0.012780 seconds
Number of updated asset objects reloaded before import = 0
Number of asset objects unloaded after import = 2
========================================================================
Received Import Request.
  Time since last request: 5.158031 seconds.
  path: Assets/Materials/BattleaxeTextures/Battleaxe1.mat
  artifactKey: Guid(aed7fa3b25f08634ba8fdfd4a87c6823) Importer(815301076,1909f56bfc062723c751e8b465ee728b)
Start importing Assets/Materials/BattleaxeTextures/Battleaxe1.mat using Guid(aed7fa3b25f08634ba8fdfd4a87c6823) Importer(815301076,1909f56bfc062723c751e8b465ee728b)  -> (artifact id: 'b3dccb26c119b447b505432e4e43d929') in 0.041284 seconds
Number of updated asset objects reloaded before import = 0
Number of asset objects unloaded after import = 7
========================================================================
Received Import Request.
  Time since last request: 4.279590 seconds.
  path: Assets/Materials/BattleaxeTextures/Battleaxe_Exported_Texture_Normal.png
  artifactKey: Guid(f821c6f97d6a86d4dbbd7a1f830f123c) Importer(815301076,1909f56bfc062723c751e8b465ee728b)
Start importing Assets/Materials/BattleaxeTextures/Battleaxe_Exported_Texture_Normal.png using Guid(f821c6f97d6a86d4dbbd7a1f830f123c) Importer(815301076,1909f56bfc062723c751e8b465ee728b)  -> (artifact id: '9a8d7563e5ba0199fb87cc04cd66e852') in 0.022386 seconds
Number of updated asset objects reloaded before import = 0
Number of asset objects unloaded after import = 2
========================================================================
Received Import Request.
  Time since last request: 18.809829 seconds.
  path: Assets/Materials/BattleaxeTextures/Battleaxe1.mat
  artifactKey: Guid(aed7fa3b25f08634ba8fdfd4a87c6823) Importer(815301076,1909f56bfc062723c751e8b465ee728b)
Start importing Assets/Materials/BattleaxeTextures/Battleaxe1.mat using Guid(aed7fa3b25f08634ba8fdfd4a87c6823) Importer(815301076,1909f56bfc062723c751e8b465ee728b)  -> (artifact id: '877489c07a75d1f67ada61fa414ab0ce') in 0.041204 seconds
Number of updated asset objects reloaded before import = 0
Number of asset objects unloaded after import = 7
========================================================================
Received Import Request.
  Time since last request: 19.181261 seconds.
  path: Assets/Materials/BattleaxeTextures/Battleaxe_Exported_Texture_Roughness.png
  artifactKey: Guid(0bd7a442e1497124081067e0888524fd) Importer(815301076,1909f56bfc062723c751e8b465ee728b)
Start importing Assets/Materials/BattleaxeTextures/Battleaxe_Exported_Texture_Roughness.png using Guid(0bd7a442e1497124081067e0888524fd) Importer(815301076,1909f56bfc062723c751e8b465ee728b)  -> (artifact id: 'e5a7fb84014665c235fff10041bea96e') in 0.014266 seconds
Number of updated asset objects reloaded before import = 0
Number of asset objects unloaded after import = 2
========================================================================
Received Import Request.
  Time since last request: 127.958529 seconds.
  path: Assets/Materials/BattleaxeTextures/Battleaxe1.mat
  artifactKey: Guid(aed7fa3b25f08634ba8fdfd4a87c6823) Importer(815301076,1909f56bfc062723c751e8b465ee728b)
Start importing Assets/Materials/BattleaxeTextures/Battleaxe1.mat using Guid(aed7fa3b25f08634ba8fdfd4a87c6823) Importer(815301076,1909f56bfc062723c751e8b465ee728b)  -> (artifact id: 'bb65e3e2d474244ce45b5e9851922ba2') in 0.041274 seconds
Number of updated asset objects reloaded before import = 0
Number of asset objects unloaded after import = 7
